[26/Jul/2012 19:36:54] "GET /gbs/ HTTP/1.1" 200 14997
[26/Jul/2012 19:36:55] "GET /gbs/ HTTP/1.1" 200 14997
[27/Jul/2012 08:14:55] "GET /gbs/ HTTP/1.1" 200 14997
[27/Jul/2012 10:02:02] "GET /gbs/ HTTP/1.1" 200 14997
[27/Jul/2012 10:02:30] "GET /admin/ HTTP/1.1" 500 354457
[27/Jul/2012 10:03:29] "GET /gbs/ HTTP/1.1" 200 14997
[27/Jul/2012 10:03:38] "GET /admin/ HTTP/1.1" 500 354457
[27/Jul/2012 11:12:59] "GET /admin/ HTTP/1.1" 500 354956
[27/Jul/2012 11:13:02] "GET /admin/ HTTP/1.1" 500 354956
[27/Jul/2012 11:13:20] "GET /gbs/ HTTP/1.1" 200 14997
Validating models...

0 errors found
Django version 1.3.1, using settings 'gbs.settings'
Development server is running at http://0.0.0.0:8000/
Quit the server with CONTROL-C.
Validating models...

0 errors found
Django version 1.3.1, using settings 'gbs.settings'
Development server is running at http://0.0.0.0:8000/
Quit the server with CONTROL-C.
[27/Jul/2012 11:17:40] "GET /admin/ HTTP/1.1" 500 354956
[27/Jul/2012 11:17:42] "GET /admin/ HTTP/1.1" 500 354956
[27/Jul/2012 11:17:57] "GET /gbs/ HTTP/1.1" 200 14997
[27/Jul/2012 11:18:23] "GET /admin/cases/testcase/2/ HTTP/1.1" 500 328346
[27/Jul/2012 11:22:35] "GET /gbs/ HTTP/1.1" 200 14997
[27/Jul/2012 11:32:49] "GET /admin/ HTTP/1.1" 500 354457
[27/Jul/2012 11:46:50] "GET /gbs/ HTTP/1.1" 500 73852
[27/Jul/2012 11:47:20] "GET /gbs/ HTTP/1.1" 500 73852
[27/Jul/2012 11:47:44] "GET /gbs/ HTTP/1.1" 200 14997
[27/Jul/2012 11:48:05] "GET /admin/ HTTP/1.1" 500 354465
[27/Jul/2012 11:50:27] "GET /admin/ HTTP/1.1" 500 354964
Validating models...

0 errors found
Django version 1.3.1, using settings 'gbs.settings'
Development server is running at http://0.0.0.0:8000/
Quit the server with CONTROL-C.
[27/Jul/2012 11:56:02] "GET /admin/ HTTP/1.1" 500 355042
[27/Jul/2012 11:56:05] "GET /admin/ HTTP/1.1" 500 355042
[27/Jul/2012 12:31:23] "GET /admin/ HTTP/1.1" 500 355042
[27/Jul/2012 12:31:31] "GET /gbs/ HTTP/1.1" 200 14997
[27/Jul/2012 12:32:49] "GET /gbs/ HTTP/1.1" 200 14997
[27/Jul/2012 13:37:17] "GET /gbs/ HTTP/1.1" 200 14997
[27/Jul/2012 13:37:48] "GET /admin/cases/testcase/2/ HTTP/1.1" 500 327437
[27/Jul/2012 13:41:05] "GET /gbs/ HTTP/1.1" 200 14997
Validating models...

0 errors found
Django version 1.3.1, using settings 'gbs.settings'
Development server is running at http://0.0.0.0:8000/
Quit the server with CONTROL-C.
[27/Jul/2012 13:43:08] "GET /gbs/ HTTP/1.1" 200 14997
[27/Jul/2012 13:43:13] "GET /admin/ HTTP/1.1" 500 66425
Validating models...

0 errors found
Django version 1.3.1, using settings 'gbs.settings'
Development server is running at http://0.0.0.0:8000/
Quit the server with CONTROL-C.
[27/Jul/2012 13:44:24] "GET /gbs/ HTTP/1.1" 500 75116
[27/Jul/2012 13:44:31] "GET /admin/ HTTP/1.1" 500 75136
[27/Jul/2012 13:45:45] "GET /admin/ HTTP/1.1" 500 355042
[27/Jul/2012 13:45:54] "GET /gbs/ HTTP/1.1" 200 14997
[27/Jul/2012 13:45:59] "GET /admin/ HTTP/1.1" 500 354543
Validating models...

0 errors found
Django version 1.3.1, using settings 'gbs.settings'
Development server is running at http://0.0.0.0:8000/
Quit the server with CONTROL-C.
[27/Jul/2012 14:00:03] "GET /gbs/ HTTP/1.1" 200 14997
[27/Jul/2012 14:00:10] "GET /admin/ HTTP/1.1" 500 354465
Validating models...

0 errors found
Django version 1.3.1, using settings 'gbs.settings'
Development server is running at http://0.0.0.0:8000/
Quit the server with CONTROL-C.
[27/Jul/2012 14:07:46] "GET /admin/ HTTP/1.1" 200 5200
[27/Jul/2012 14:07:57] "GET /gbs/ HTTP/1.1" 404 1995
[27/Jul/2012 14:08:02] "GET /admin/cases/testcase/ HTTP/1.1" 200 4482
[27/Jul/2012 14:08:02] "GET /admin/jsi18n/ HTTP/1.1" 200 2158
Validating models...

0 errors found
Django version 1.3.1, using settings 'gbs.settings'
Development server is running at http://0.0.0.0:8000/
Quit the server with CONTROL-C.
[27/Jul/2012 14:10:58] "GET /admin/cases/testcase/ HTTP/1.1" 500 318306
[27/Jul/2012 14:11:03] "GET /gbs/ HTTP/1.1" 200 14997
[27/Jul/2012 14:11:09] "GET /gbs/1 HTTP/1.1" 404 2104
Validating models...

0 errors found
Django version 1.3.1, using settings 'gbs.settings'
Development server is running at http://0.0.0.0:8000/
Quit the server with CONTROL-C.
[27/Jul/2012 14:12:26] "GET /gbs/ HTTP/1.1" 200 14997
Validating models...

0 errors found
Django version 1.3.1, using settings 'gbs.settings'
Development server is running at http://0.0.0.0:8000/
Quit the server with CONTROL-C.
[27/Jul/2012 14:13:38] "GET /gbs/ HTTP/1.1" 500 61080
[27/Jul/2012 14:13:46] "GET /admin/ HTTP/1.1" 500 358711
Validating models...

0 errors found
Django version 1.3.1, using settings 'gbs.settings'
Development server is running at http://0.0.0.0:8000/
Quit the server with CONTROL-C.
[27/Jul/2012 14:15:32] "GET /admin/ HTTP/1.1" 500 354465
[27/Jul/2012 14:15:37] "GET / HTTP/1.1" 500 60984
[27/Jul/2012 14:16:08] "GET /gbs/ HTTP/1.1" 200 14997
Validating models...

0 errors found
Django version 1.3.1, using settings 'gbs.settings'
Development server is running at http://0.0.0.0:8000/
Quit the server with CONTROL-C.
[27/Jul/2012 14:16:41] "GET /gbs/ HTTP/1.1" 200 14997
[27/Jul/2012 14:16:46] "GET / HTTP/1.1" 500 60968
Validating models...

0 errors found
Django version 1.3.1, using settings 'gbs.settings'
Development server is running at http://0.0.0.0:8000/
Quit the server with CONTROL-C.
[27/Jul/2012 14:23:10] "GET / HTTP/1.1" 404 2088
[27/Jul/2012 14:23:14] "GET /gbs/ HTTP/1.1" 200 14997
[27/Jul/2012 14:23:20] "GET /admin/ HTTP/1.1" 500 66399
Validating models...

0 errors found
Django version 1.3.1, using settings 'gbs.settings'
Development server is running at http://0.0.0.0:8000/
Quit the server with CONTROL-C.
[27/Jul/2012 14:24:22] "GET /admin/ HTTP/1.1" 500 354777
Validating models...

0 errors found
Django version 1.3.1, using settings 'gbs.settings'
Development server is running at http://0.0.0.0:8000/
Quit the server with CONTROL-C.
[27/Jul/2012 14:27:09] "GET /admin/ HTTP/1.1" 500 353097
Validating models...

0 errors found
Django version 1.3.1, using settings 'gbs.settings'
Development server is running at http://0.0.0.0:8000/
Quit the server with CONTROL-C.
[27/Jul/2012 14:28:43] "GET /admin/ HTTP/1.1" 500 66185
[27/Jul/2012 14:29:33] "GET /admin/cases/testcase/2/ HTTP/1.1" 500 66202
[27/Jul/2012 14:29:41] "GET /admin/ HTTP/1.1" 500 65998
Validating models...

0 errors found
Django version 1.3.1, using settings 'gbs.settings'
Development server is running at http://0.0.0.0:8000/
Quit the server with CONTROL-C.
[27/Jul/2012 14:30:01] "GET /admin/ HTTP/1.1" 200 5200
[27/Jul/2012 14:30:21] "GET /admin/cases/testcase/2/ HTTP/1.1" 200 7474
[27/Jul/2012 14:30:21] "GET /admin/jsi18n/ HTTP/1.1" 200 2158
Validating models...

0 errors found
Django version 1.3.1, using settings 'gbs.settings'
Development server is running at http://0.0.0.0:8000/
Quit the server with CONTROL-C.
[27/Jul/2012 14:32:37] "GET /admin/cases/testcase/2/ HTTP/1.1" 500 327183
[27/Jul/2012 14:32:43] "GET /gbs/ HTTP/1.1" 500 61037
[27/Jul/2012 14:34:09] "GET /admin/cases/testcase/2/ HTTP/1.1" 500 324558
Validating models...

0 errors found
Django version 1.3.1, using settings 'gbs.settings'
Development server is running at http://0.0.0.0:8000/
Quit the server with CONTROL-C.
[27/Jul/2012 14:34:22] "GET /admin/cases/testcase/2/ HTTP/1.1" 200 7474
[27/Jul/2012 14:34:22] "GET /admin/jsi18n/ HTTP/1.1" 200 2158
Validating models...

0 errors found
Django version 1.3.1, using settings 'gbs.settings'
Development server is running at http://0.0.0.0:8000/
Quit the server with CONTROL-C.
[27/Jul/2012 14:36:45] "GET /admin/cases/testcase/2/ HTTP/1.1" 500 329065
[27/Jul/2012 14:36:53] "GET /gbs/ HTTP/1.1" 200 14997
Validating models...

0 errors found
Django version 1.3.1, using settings 'gbs.settings'
Development server is running at http://0.0.0.0:8000/
Quit the server with CONTROL-C.
[27/Jul/2012 14:46:16] "GET /gbs/ HTTP/1.1" 200 14997
[27/Jul/2012 14:46:21] "GET /admin/ HTTP/1.1" 500 355156
[27/Jul/2012 14:46:27] "GET /gbs/ HTTP/1.1" 200 14997
[27/Jul/2012 14:46:31] "GET /gbs/1 HTTP/1.1" 500 72204
Validating models...

0 errors found
Django version 1.3.1, using settings 'gbs.settings'
Development server is running at http://0.0.0.0:8000/
Quit the server with CONTROL-C.
[27/Jul/2012 14:48:53] "GET /gbs/ HTTP/1.1" 200 14997
[27/Jul/2012 14:48:56] "GET /gbs/2 HTTP/1.1" 500 72203
[27/Jul/2012 14:49:01] "GET /gbs/a HTTP/1.1" 500 72203
Validating models...

0 errors found
Django version 1.3.1, using settings 'gbs.settings'
Development server is running at http://0.0.0.0:8000/
Quit the server with CONTROL-C.
[27/Jul/2012 14:50:02] "GET /gbs/ HTTP/1.1" 500 65901
[27/Jul/2012 14:51:06] "GET /gbs/ HTTP/1.1" 200 14997
[27/Jul/2012 14:51:09] "GET /gbs/2 HTTP/1.1" 404 2307
[27/Jul/2012 14:51:14] "GET /gbs/1 HTTP/1.1" 404 1663
[27/Jul/2012 14:51:28] "GET /admin/ HTTP/1.1" 200 5200
[27/Jul/2012 15:22:21] "GET /admin/ HTTP/1.1" 200 5200
[27/Jul/2012 15:22:29] "GET /gbs/ HTTP/1.1" 200 14997
[27/Jul/2012 15:22:33] "GET /gbs/1 HTTP/1.1" 404 1663
[27/Jul/2012 17:04:08] "GET /gbs/ HTTP/1.1" 200 14997
Validating models...

0 errors found
Django version 1.3.1, using settings 'gbs.settings'
Development server is running at http://0.0.0.0:8000/
Quit the server with CONTROL-C.
[27/Jul/2012 17:57:34] "GET /gbs/ HTTP/1.1" 200 14997
[27/Jul/2012 17:57:39] "GET /gbs/1 HTTP/1.1" 200 113
Validating models...

0 errors found
Django version 1.3.1, using settings 'gbs.settings'
Development server is running at http://0.0.0.0:8000/
Quit the server with CONTROL-C.
[27/Jul/2012 17:58:24] "GET /gbs/1 HTTP/1.1" 200 114
[27/Jul/2012 17:58:33] "GET /gbs/ HTTP/1.1" 200 14997
[27/Jul/2012 17:58:36] "GET /gbs/1 HTTP/1.1" 200 114
Validating models...

0 errors found
Django version 1.3.1, using settings 'gbs.settings'
Development server is running at http://0.0.0.0:8000/
Quit the server with CONTROL-C.
[27/Jul/2012 17:59:10] "GET /gbs/1 HTTP/1.1" 200 117
Validating models...

0 errors found
Django version 1.3.1, using settings 'gbs.settings'
Development server is running at http://0.0.0.0:8000/
Quit the server with CONTROL-C.
[27/Jul/2012 18:23:08] "GET /gbs/1 HTTP/1.1" 500 73107
Validating models...

0 errors found
Django version 1.3.1, using settings 'gbs.settings'
Development server is running at http://0.0.0.0:8000/
Quit the server with CONTROL-C.
[27/Jul/2012 18:27:48] "GET /gbs/1 HTTP/1.1" 500 122779
Validating models...

0 errors found
Django version 1.3.1, using settings 'gbs.settings'
Development server is running at http://0.0.0.0:8000/
Quit the server with CONTROL-C.
[27/Jul/2012 18:29:34] "GET /gbs/1 HTTP/1.1" 500 122799
[27/Jul/2012 18:29:36] "GET /gbs/1 HTTP/1.1" 500 122279
[27/Jul/2012 18:33:30] "GET /gbs/1 HTTP/1.1" 200 185
[27/Jul/2012 18:34:31] "GET /gbs/1 HTTP/1.1" 500 122118
[27/Jul/2012 18:35:28] "GET /gbs/1 HTTP/1.1" 500 122118
[27/Jul/2012 18:35:40] "GET /gbs/1 HTTP/1.1" 200 97
[27/Jul/2012 18:36:10] "GET /gbs/1 HTTP/1.1" 200 77
[27/Jul/2012 18:36:42] "GET /gbs/1 HTTP/1.1" 200 81
[27/Jul/2012 18:38:03] "GET /gbs/1 HTTP/1.1" 200 209
[27/Jul/2012 18:40:04] "GET /gbs/1 HTTP/1.1" 200 248
Validating models...

0 errors found
Django version 1.3.1, using settings 'gbs.settings'
Development server is running at http://0.0.0.0:8000/
Quit the server with CONTROL-C.
[27/Jul/2012 18:41:20] "GET /gbs/1 HTTP/1.1" 200 248
[27/Jul/2012 18:41:21] "GET /gbs/1 HTTP/1.1" 200 248
[27/Jul/2012 18:41:25] "GET /gbs/ HTTP/1.1" 200 14997
[27/Jul/2012 18:41:29] "GET /gbs/1 HTTP/1.1" 200 248
Validating models...

0 errors found
Django version 1.3.1, using settings 'gbs.settings'
Development server is running at http://0.0.0.0:8000/
Quit the server with CONTROL-C.
[27/Jul/2012 18:41:49] "GET /gbs/1 HTTP/1.1" 200 29
Validating models...

0 errors found
Django version 1.3.1, using settings 'gbs.settings'
Development server is running at http://0.0.0.0:8000/
Quit the server with CONTROL-C.
[27/Jul/2012 18:42:26] "GET /gbs/1 HTTP/1.1" 200 29
[27/Jul/2012 18:42:26] "GET /gbs/1 HTTP/1.1" 200 29
[27/Jul/2012 18:42:27] "GET /gbs/1 HTTP/1.1" 200 29
Validating models...

0 errors found
Django version 1.3.1, using settings 'gbs.settings'
Development server is running at http://0.0.0.0:8000/
Quit the server with CONTROL-C.
[27/Jul/2012 18:42:59] "GET /gbs/1 HTTP/1.1" 200 248
[27/Jul/2012 18:45:34] "GET /gbs/1 HTTP/1.1" 200 76
[27/Jul/2012 18:45:55] "GET /gbs/1 HTTP/1.1" 200 236
Validating models...

0 errors found
Django version 1.3.1, using settings 'gbs.settings'
Development server is running at http://0.0.0.0:8000/
Quit the server with CONTROL-C.
[27/Jul/2012 18:53:11] "GET /gbs/1 HTTP/1.1" 500 81502
Validating models...

0 errors found
Django version 1.3.1, using settings 'gbs.settings'
Development server is running at http://0.0.0.0:8000/
Quit the server with CONTROL-C.
[27/Jul/2012 18:53:40] "GET /gbs/1 HTTP/1.1" 500 58393
Validating models...

0 errors found
Django version 1.3.1, using settings 'gbs.settings'
Development server is running at http://0.0.0.0:8000/
Quit the server with CONTROL-C.
[27/Jul/2012 18:54:41] "GET /gbs/1 HTTP/1.1" 500 58411
Validating models...

0 errors found
Django version 1.3.1, using settings 'gbs.settings'
Development server is running at http://0.0.0.0:8000/
Quit the server with CONTROL-C.
[27/Jul/2012 18:55:07] "GET /gbs/1 HTTP/1.1" 500 66056
Validating models...

0 errors found
Django version 1.3.1, using settings 'gbs.settings'
Development server is running at http://0.0.0.0:8000/
Quit the server with CONTROL-C.
[27/Jul/2012 18:57:16] "GET /gbs/1 HTTP/1.1" 500 72491
Validating models...

0 errors found
Django version 1.3.1, using settings 'gbs.settings'
Development server is running at http://0.0.0.0:8000/
Quit the server with CONTROL-C.
[27/Jul/2012 19:00:00] "GET /gbs/1 HTTP/1.1" 500 72490
[27/Jul/2012 19:00:04] "GET /gbs/1/ HTTP/1.1" 500 57932
[27/Jul/2012 19:00:14] "GET /gbs/2 HTTP/1.1" 500 72251
Validating models...

0 errors found
Django version 1.3.1, using settings 'gbs.settings'
Development server is running at http://0.0.0.0:8000/
Quit the server with CONTROL-C.
[27/Jul/2012 19:02:35] "GET /gbs/2 HTTP/1.1" 500 72491
[27/Jul/2012 19:05:10] "GET /gbs/2/ HTTP/1.1" 500 57933
Validating models...

0 errors found
Django version 1.3.1, using settings 'gbs.settings'
Development server is running at http://0.0.0.0:8000/
Quit the server with CONTROL-C.
[27/Jul/2012 19:05:35] "GET /gbs/2/ HTTP/1.1" 500 58118
[27/Jul/2012 19:06:08] "GET /gbs/2/ HTTP/1.1" 500 58118
[27/Jul/2012 19:07:26] "GET /gbs/2/ HTTP/1.1" 500 58118
[27/Jul/2012 19:07:28] "GET /gbs/2/ HTTP/1.1" 500 58118
[27/Jul/2012 19:07:34] "GET /gbs/ HTTP/1.1" 200 14997
[27/Jul/2012 19:07:38] "GET /gbs/1/ HTTP/1.1" 500 57931
[27/Jul/2012 19:07:44] "GET /gbs/1/ HTTP/1.1" 500 58118
[27/Jul/2012 19:07:49] "GET /gbs/12/ HTTP/1.1" 500 57943
Validating models...

0 errors found
Django version 1.3.1, using settings 'gbs.settings'
Development server is running at http://0.0.0.0:8000/
Quit the server with CONTROL-C.
[27/Jul/2012 19:09:35] "GET /gbs/12/ HTTP/1.1" 500 57946
[27/Jul/2012 19:09:40] "GET /gbs/id HTTP/1.1" 500 72269
[27/Jul/2012 19:09:45] "GET /gbs/id/2 HTTP/1.1" 500 72304
[27/Jul/2012 19:09:49] "GET /gbs/id/2/ HTTP/1.1" 500 57970
[27/Jul/2012 19:10:48] "GET /gbs/id/2/ HTTP/1.1" 500 58157
[27/Jul/2012 19:10:55] "GET /gbs/2/ HTTP/1.1" 500 57934
[27/Jul/2012 19:18:45] "GET /gbs/2/ HTTP/1.1" 500 58121
[27/Jul/2012 19:18:50] "GET /gbs/id HTTP/1.1" 500 72270
[27/Jul/2012 19:18:54] "GET /gbs/id/2/ HTTP/1.1" 500 57970
[27/Jul/2012 19:19:00] "GET /gbs/id/58/ HTTP/1.1" 500 57980
Validating models...

0 errors found
Django version 1.3.1, using settings 'gbs.settings'
Development server is running at http://0.0.0.0:8000/
Quit the server with CONTROL-C.
[27/Jul/2012 19:19:50] "GET /gbs/58/ HTTP/1.1" 500 57942
Validating models...

0 errors found
Django version 1.3.1, using settings 'gbs.settings'
Development server is running at http://0.0.0.0:8000/
Quit the server with CONTROL-C.
[27/Jul/2012 19:21:27] "GET /gbs/58/ HTTP/1.1" 404 2336
[27/Jul/2012 19:21:44] "GET /gbs/1/ HTTP/1.1" 404 2333
[27/Jul/2012 19:21:53] "GET /gbs/2/ HTTP/1.1" 404 2333
Validating models...

0 errors found
Django version 1.3.1, using settings 'gbs.settings'
Development server is running at http://0.0.0.0:8000/
Quit the server with CONTROL-C.
[27/Jul/2012 19:22:21] "GET /gbs/2/ HTTP/1.1" 404 2334
[27/Jul/2012 19:22:27] "GET /gbs/58/ HTTP/1.1" 404 2337
Validating models...

0 errors found
Django version 1.3.1, using settings 'gbs.settings'
Development server is running at http://0.0.0.0:8000/
Quit the server with CONTROL-C.
[27/Jul/2012 19:24:14] "GET /gbs/58/ HTTP/1.1" 404 2339
[27/Jul/2012 19:24:17] "GET /gbs/1 HTTP/1.1" 404 2333
[27/Jul/2012 19:24:22] "GET /gbs/2 HTTP/1.1" 404 2333
[27/Jul/2012 19:24:57] "GET /gbs/1 HTTP/1.1" 404 2333
[27/Jul/2012 19:25:01] "GET /gbs/2/ HTTP/1.1" 404 2336
[27/Jul/2012 19:25:14] "GET /gbs/ HTTP/1.1" 200 14997
[27/Jul/2012 19:25:20] "GET /gbs/2/ HTTP/1.1" 404 2336
Validating models...

0 errors found
Django version 1.3.1, using settings 'gbs.settings'
Development server is running at http://0.0.0.0:8000/
Quit the server with CONTROL-C.
[27/Jul/2012 19:25:36] "GET /gbs/2/ HTTP/1.1" 404 2336
[27/Jul/2012 19:25:38] "GET /gbs/2/ HTTP/1.1" 404 2336
[27/Jul/2012 19:25:38] "GET /gbs/2/ HTTP/1.1" 404 2336
[27/Jul/2012 19:25:39] "GET /gbs/2/ HTTP/1.1" 404 2336
[27/Jul/2012 19:25:55] "GET /gbs/2/ HTTP/1.1" 404 2336
[27/Jul/2012 19:26:00] "GET /gbs/1/ HTTP/1.1" 404 2336
[27/Jul/2012 21:54:28] "GET /gbs/1/ HTTP/1.1" 404 2336
[27/Jul/2012 21:54:35] "GET /gbs/ HTTP/1.1" 200 14997
[27/Jul/2012 21:56:10] "GET /gbs/1 HTTP/1.1" 404 2333
[27/Jul/2012 21:56:15] "GET /gbs/2 HTTP/1.1" 404 2333
[27/Jul/2012 21:56:23] "GET /gbs/ HTTP/1.1" 200 14997
[27/Jul/2012 21:56:27] "GET /gbs/1 HTTP/1.1" 404 2333
[27/Jul/2012 21:57:09] "GET /gbs/2/ HTTP/1.1" 404 2336
[27/Jul/2012 21:58:55] "GET /gbs/%202/ HTTP/1.1" 404 2341
[27/Jul/2012 21:59:10] "GET /gbs/%2023/ HTTP/1.1" 404 2344
[27/Jul/2012 22:00:44] "GET /admin/ HTTP/1.1" 200 5200
Validating models...

0 errors found
Django version 1.3.1, using settings 'gbs.settings'
Development server is running at http://0.0.0.0:8000/
Quit the server with CONTROL-C.
[27/Jul/2012 22:02:21] "GET /gbs/ HTTP/1.1" 200 14997
[27/Jul/2012 22:02:27] "GET /gbs/1/ HTTP/1.1" 404 2336
Validating models...

0 errors found
Django version 1.3.1, using settings 'gbs.settings'
Development server is running at http://0.0.0.0:8000/
Quit the server with CONTROL-C.
[27/Jul/2012 22:03:39] "GET /gbs/1/ HTTP/1.1" 404 2335
[27/Jul/2012 22:04:58] "GET /gbs/1/ HTTP/1.1" 404 2335
[27/Jul/2012 22:05:20] "GET /gbs/1/ HTTP/1.1" 404 2335
[27/Jul/2012 22:05:22] "GET /gbs/1/ HTTP/1.1" 404 2335
[27/Jul/2012 22:06:11] "GET /gbs/1/ HTTP/1.1" 404 2335
Validating models...

0 errors found
Django version 1.3.1, using settings 'gbs.settings'
Development server is running at http://0.0.0.0:8000/
Quit the server with CONTROL-C.
[27/Jul/2012 22:08:28] "GET /gbs/1/ HTTP/1.1" 500 61978
[27/Jul/2012 22:08:37] "GET /gbs/2/ HTTP/1.1" 500 61791
[27/Jul/2012 22:09:01] "GET /gbs/2/ HTTP/1.1" 500 95017
[27/Jul/2012 22:09:18] "GET /gbs/1/ HTTP/1.1" 500 95272
Validating models...

0 errors found
Django version 1.3.1, using settings 'gbs.settings'
Development server is running at http://0.0.0.0:8000/
Quit the server with CONTROL-C.
[27/Jul/2012 22:12:46] "GET /gbs/1/ HTTP/1.1" 200 176
[27/Jul/2012 22:12:57] "GET /gbs/2/ HTTP/1.1" 200 138
[27/Jul/2012 22:13:03] "GET /gbs/3/ HTTP/1.1" 404 1701
[27/Jul/2012 22:13:23] "GET /gbs/ HTTP/1.1" 200 14997
Validating models...

0 errors found
Django version 1.3.1, using settings 'gbs.settings'
Development server is running at http://0.0.0.0:8000/
Quit the server with CONTROL-C.
[27/Jul/2012 22:16:27] "GET /gbs/ HTTP/1.1" 200 14997
[27/Jul/2012 22:16:31] "GET /gbs/1 HTTP/1.1" 404 2332
[27/Jul/2012 22:16:43] "GET /gbs/1/ HTTP/1.1" 404 2335
[27/Jul/2012 22:16:58] "GET /gbs/2/ HTTP/1.1" 404 2335
Validating models...

0 errors found
Django version 1.3.1, using settings 'gbs.settings'
Development server is running at http://0.0.0.0:8000/
Quit the server with CONTROL-C.
[27/Jul/2012 22:18:00] "GET /gbs/2/ HTTP/1.1" 200 138
Validating models...

0 errors found
Django version 1.3.1, using settings 'gbs.settings'
Development server is running at http://0.0.0.0:8000/
Quit the server with CONTROL-C.
[27/Jul/2012 22:20:08] "GET /gbs/2/ HTTP/1.1" 200 138
[27/Jul/2012 22:20:12] "GET /gbs/1 HTTP/1.1" 301 0
[27/Jul/2012 22:20:12] "GET /gbs/1/ HTTP/1.1" 200 176
[27/Jul/2012 22:20:17] "GET /gbs/ HTTP/1.1" 302 0
[27/Jul/2012 22:20:36] "GET /gbs/3 HTTP/1.1" 301 0
[27/Jul/2012 22:20:37] "GET /gbs/3/ HTTP/1.1" 404 1701
Validating models...

0 errors found
Django version 1.3.1, using settings 'gbs.settings'
Development server is running at http://0.0.0.0:8000/
Quit the server with CONTROL-C.
[27/Jul/2012 22:29:19] "GET /gbs/2/ HTTP/1.1" 500 50864
Validating models...

0 errors found
Django version 1.3.1, using settings 'gbs.settings'
Development server is running at http://0.0.0.0:8000/
Quit the server with CONTROL-C.
[27/Jul/2012 22:40:57] "GET /gbs/2/ HTTP/1.1" 500 51051
[27/Jul/2012 22:41:03] "GET /gbs/ HTTP/1.1" 500 71808
[27/Jul/2012 22:42:22] "GET /gbs/ HTTP/1.1" 200 14997
